<?xml version="1.0" encoding="UTF-8"?>
<!-- Generated by org.testng.reporters.JUnitXMLReporter -->
<testsuite hostname="DESKTOP-TPH827F" ignored="6" name="Regression suite 1" tests="3" failures="1" timestamp="19 авг 2018 20:10:33 GMT" time="57.861" errors="0">
  <testcase name="jsTest" time="7.902" classname="com.automation.tests.Tests">
    <failure type="java.lang.AssertionError" message="null">
      <![CDATA[java.lang.AssertionError: null
at com.automation.tests.Tests.jsTest(Tests.java:86)
... Removed 36 stack frames]]>
    </failure>
  </testcase> <!-- jsTest -->
  <testcase name="searchFieldTest" time="0.345" classname="com.automation.tests.Tests"/>
  <testcase name="searchFieldTest" time="0.302" classname="com.automation.tests.Tests"/>
  <testcase name="jsonTest" time="0.0" classname="com.automation.tests.Tests">
    <ignored/>
  </testcase> <!-- jsonTest -->
  <testcase name="firstResultTest" time="0.0" classname="com.automation.tests.Tests">
    <ignored/>
  </testcase> <!-- firstResultTest -->
  <testcase name="sqlTest" time="0.0" classname="com.automation.tests.Tests">
    <ignored/>
  </testcase> <!-- sqlTest -->
  <testcase name="searchResultLinkTest" time="0.0" classname="com.automation.tests.Tests">
    <ignored/>
  </testcase> <!-- searchResultLinkTest -->
  <testcase name="mongoTest" time="0.0" classname="com.automation.tests.Tests">
    <ignored/>
  </testcase> <!-- mongoTest -->
  <testcase name="altTextTitleTest" time="0.0" classname="com.automation.tests.Tests">
    <ignored/>
  </testcase> <!-- altTextTitleTest -->
</testsuite> <!-- Regression suite 1 -->
