-------------------------------------------------------------------------------
Test set: TestSuite
-------------------------------------------------------------------------------
Tests run: 3, Failures: 1, Errors: 0, Skipped: 0, Time elapsed: 62.618 sec <<< FAILURE!
jsTest(com.automation.tests.Tests)  Time elapsed: 8.622 sec  <<< FAILURE!
java.lang.AssertionError: null
	at org.testng.Assert.fail(Assert.java:96)
	at org.testng.Assert.fail(Assert.java:103)
	at com.automation.tests.Tests.jsTest(Tests.java:86)

