<?xml version="1.0" encoding="UTF-8"?>
<testng-results skipped="0" failed="1" ignored="6" total="9" passed="2">
  <reporter-output>
  </reporter-output>
  <suite name="example suite 1" duration-ms="57861" started-at="2018-08-19T20:09:35Z" finished-at="2018-08-19T20:10:33Z">
    <groups>
    </groups>
    <test name="Regression suite 1" duration-ms="57861" started-at="2018-08-19T20:09:35Z" finished-at="2018-08-19T20:10:33Z">
      <class name="com.automation.tests.Tests">
        <test-method status="PASS" signature="setUp(java.lang.reflect.Method, org.testng.ITestResult)[pri:0, instance:com.automation.tests.Tests@34b7bfc0]" name="setUp" is-config="true" duration-ms="11019" started-at="2018-08-19T20:09:35Z" finished-at="2018-08-19T20:09:46Z">
          <params>
            <param index="0">
              <value>
                <![CDATA[public void com.automation.tests.Tests.jsTest()]]>
              </value>
            </param>
            <param index="1">
              <value>
                <![CDATA[[TestResult name=jsTest status=FAILURE method=Tests.jsTest()[pri:0, instance:com.automation.tests.Tests@34b7bfc0] output={null}]]]>
              </value>
            </param>
          </params>
          <reporter-output>
          </reporter-output>
        </test-method> <!-- setUp -->
        <test-method status="FAIL" signature="jsTest()[pri:0, instance:com.automation.tests.Tests@34b7bfc0]" name="jsTest" duration-ms="7902" started-at="2018-08-19T20:09:46Z" finished-at="2018-08-19T20:09:54Z">
          <exception class="java.lang.AssertionError">
            <message>
              <![CDATA[null]]>
            </message>
            <full-stacktrace>
              <![CDATA[java.lang.AssertionError: null
at org.testng.Assert.fail(Assert.java:96)
at org.testng.Assert.fail(Assert.java:103)
at com.automation.tests.Tests.jsTest(Tests.java:86)
at sun.reflect.NativeMethodAccessorImpl.invoke0(Native Method)
at sun.reflect.NativeMethodAccessorImpl.invoke(NativeMethodAccessorImpl.java:62)
at sun.reflect.DelegatingMethodAccessorImpl.invoke(DelegatingMethodAccessorImpl.java:43)
at java.lang.reflect.Method.invoke(Method.java:498)
at org.testng.internal.MethodInvocationHelper.invokeMethod(MethodInvocationHelper.java:124)
at org.testng.internal.Invoker.invokeMethod(Invoker.java:583)
at org.testng.internal.Invoker.invokeTestMethod(Invoker.java:719)
at org.testng.internal.Invoker.invokeTestMethods(Invoker.java:989)
at org.testng.internal.TestMethodWorker.invokeTestMethods(TestMethodWorker.java:125)
at org.testng.internal.TestMethodWorker.run(TestMethodWorker.java:109)
at org.testng.TestRunner.privateRun(TestRunner.java:648)
at org.testng.TestRunner.run(TestRunner.java:505)
at org.testng.SuiteRunner.runTest(SuiteRunner.java:455)
at org.testng.SuiteRunner.runSequentially(SuiteRunner.java:450)
at org.testng.SuiteRunner.privateRun(SuiteRunner.java:415)
at org.testng.SuiteRunner.run(SuiteRunner.java:364)
at org.testng.SuiteRunnerWorker.runSuite(SuiteRunnerWorker.java:52)
at org.testng.SuiteRunnerWorker.run(SuiteRunnerWorker.java:84)
at org.testng.TestNG.runSuitesSequentially(TestNG.java:1208)
at org.testng.TestNG.runSuitesLocally(TestNG.java:1137)
at org.testng.TestNG.runSuites(TestNG.java:1049)
at org.testng.TestNG.run(TestNG.java:1017)
at org.apache.maven.surefire.testng.TestNGExecutor.run(TestNGExecutor.java:178)
at org.apache.maven.surefire.testng.TestNGXmlTestSuite.execute(TestNGXmlTestSuite.java:92)
at org.apache.maven.surefire.testng.TestNGProvider.invoke(TestNGProvider.java:96)
at sun.reflect.NativeMethodAccessorImpl.invoke0(Native Method)
at sun.reflect.NativeMethodAccessorImpl.invoke(NativeMethodAccessorImpl.java:62)
at sun.reflect.DelegatingMethodAccessorImpl.invoke(DelegatingMethodAccessorImpl.java:43)
at java.lang.reflect.Method.invoke(Method.java:498)
at org.apache.maven.surefire.util.ReflectionUtils.invokeMethodWithArray(ReflectionUtils.java:189)
at org.apache.maven.surefire.booter.ProviderFactory$ProviderProxy.invoke(ProviderFactory.java:165)
at org.apache.maven.surefire.booter.ProviderFactory.invokeProvider(ProviderFactory.java:85)
at org.apache.maven.surefire.booter.ForkedBooter.runSuitesInProcess(ForkedBooter.java:115)
at org.apache.maven.surefire.booter.ForkedBooter.main(ForkedBooter.java:75)
]]>
            </full-stacktrace>
          </exception> <!-- java.lang.AssertionError -->
          <reporter-output>
          </reporter-output>
        </test-method> <!-- jsTest -->
        <test-method status="PASS" signature="tearDown(java.lang.reflect.Method)[pri:0, instance:com.automation.tests.Tests@34b7bfc0]" name="tearDown" is-config="true" duration-ms="15312" started-at="2018-08-19T20:09:55Z" finished-at="2018-08-19T20:10:10Z">
          <params>
            <param index="0">
              <value>
                <![CDATA[public void com.automation.tests.Tests.jsTest()]]>
              </value>
            </param>
          </params>
          <reporter-output>
          </reporter-output>
        </test-method> <!-- tearDown -->
        <test-method status="PASS" signature="setUp(java.lang.reflect.Method, org.testng.ITestResult)[pri:0, instance:com.automation.tests.Tests@34b7bfc0]" name="setUp" is-config="true" duration-ms="8319" started-at="2018-08-19T20:10:10Z" finished-at="2018-08-19T20:10:19Z">
          <params>
            <param index="0">
              <value>
                <![CDATA[public void com.automation.tests.Tests.searchFieldTest(java.lang.String)]]>
              </value>
            </param>
            <param index="1">
              <value>
                <![CDATA[[TestResult name=searchFieldTest status=SUCCESS method=Tests.searchFieldTest(java.lang.String)[pri:0, instance:com.automation.tests.Tests@34b7bfc0] output={null}]]]>
              </value>
            </param>
          </params>
          <reporter-output>
          </reporter-output>
        </test-method> <!-- setUp -->
        <test-method status="PASS" signature="searchFieldTest(java.lang.String)[pri:0, instance:com.automation.tests.Tests@34b7bfc0]" name="searchFieldTest" duration-ms="345" started-at="2018-08-19T20:10:19Z" data-provider="SearchValues" finished-at="2018-08-19T20:10:19Z">
          <params>
            <param index="0">
              <value>
                <![CDATA[jmeter]]>
              </value>
            </param>
          </params>
          <reporter-output>
          </reporter-output>
        </test-method> <!-- searchFieldTest -->
        <test-method status="PASS" signature="tearDown(java.lang.reflect.Method)[pri:0, instance:com.automation.tests.Tests@34b7bfc0]" name="tearDown" is-config="true" duration-ms="3975" started-at="2018-08-19T20:10:19Z" finished-at="2018-08-19T20:10:23Z">
          <params>
            <param index="0">
              <value>
                <![CDATA[public void com.automation.tests.Tests.searchFieldTest(java.lang.String)]]>
              </value>
            </param>
          </params>
          <reporter-output>
          </reporter-output>
        </test-method> <!-- tearDown -->
        <test-method status="PASS" signature="setUp(java.lang.reflect.Method, org.testng.ITestResult)[pri:0, instance:com.automation.tests.Tests@34b7bfc0]" name="setUp" is-config="true" duration-ms="7642" started-at="2018-08-19T20:10:23Z" finished-at="2018-08-19T20:10:31Z">
          <params>
            <param index="0">
              <value>
                <![CDATA[public void com.automation.tests.Tests.searchFieldTest(java.lang.String)]]>
              </value>
            </param>
            <param index="1">
              <value>
                <![CDATA[[TestResult name=searchFieldTest status=SUCCESS method=Tests.searchFieldTest(java.lang.String)[pri:0, instance:com.automation.tests.Tests@34b7bfc0] output={null}]]]>
              </value>
            </param>
          </params>
          <reporter-output>
          </reporter-output>
        </test-method> <!-- setUp -->
        <test-method status="PASS" signature="searchFieldTest(java.lang.String)[pri:0, instance:com.automation.tests.Tests@34b7bfc0]" name="searchFieldTest" duration-ms="302" started-at="2018-08-19T20:10:31Z" data-provider="SearchValues" finished-at="2018-08-19T20:10:31Z">
          <params>
            <param index="0">
              <value>
                <![CDATA[selenium]]>
              </value>
            </param>
          </params>
          <reporter-output>
          </reporter-output>
        </test-method> <!-- searchFieldTest -->
        <test-method status="PASS" signature="tearDown(java.lang.reflect.Method)[pri:0, instance:com.automation.tests.Tests@34b7bfc0]" name="tearDown" is-config="true" duration-ms="2259" started-at="2018-08-19T20:10:31Z" finished-at="2018-08-19T20:10:33Z">
          <params>
            <param index="0">
              <value>
                <![CDATA[public void com.automation.tests.Tests.searchFieldTest(java.lang.String)]]>
              </value>
            </param>
          </params>
          <reporter-output>
          </reporter-output>
        </test-method> <!-- tearDown -->
      </class> <!-- com.automation.tests.Tests -->
    </test> <!-- Regression suite 1 -->
  </suite> <!-- example suite 1 -->
</testng-results>
